{"/Users/maggie/Documents/GitHub/M-F_Eagles_IT_Start_TASK_5/src/react-app-env.d.ts": {"path":"/Users/maggie/Documents/GitHub/M-F_Eagles_IT_Start_TASK_5/src/react-app-env.d.ts","statementMap":{},"fnMap":{},"branchMap":{},"s":{},"f":{},"b":{}}
,"/Users/maggie/Documents/GitHub/M-F_Eagles_IT_Start_TASK_5/src/setupTests.ts": {"path":"/Users/maggie/Documents/GitHub/M-F_Eagles_IT_Start_TASK_5/src/setupTests.ts","statementMap":{},"fnMap":{},"branchMap":{},"s":{},"f":{},"b":{}}
,"/Users/maggie/Documents/GitHub/M-F_Eagles_IT_Start_TASK_5/src/Redux/reducers.ts": {"path":"/Users/maggie/Documents/GitHub/M-F_Eagles_IT_Start_TASK_5/src/Redux/reducers.ts","statementMap":{},"fnMap":{},"branchMap":{},"s":{},"f":{},"b":{}}
,"/Users/maggie/Documents/GitHub/M-F_Eagles_IT_Start_TASK_5/src/Redux/ProductPage/action-types.ts": {"path":"/Users/maggie/Documents/GitHub/M-F_Eagles_IT_Start_TASK_5/src/Redux/ProductPage/action-types.ts","statementMap":{"0":{"start":{"line":1,"column":31},"end":{"line":3,"column":1}}},"fnMap":{},"branchMap":{},"s":{"0":0},"f":{},"b":{}}
,"/Users/maggie/Documents/GitHub/M-F_Eagles_IT_Start_TASK_5/src/Redux/all-product/action-types.ts": {"path":"/Users/maggie/Documents/GitHub/M-F_Eagles_IT_Start_TASK_5/src/Redux/all-product/action-types.ts","statementMap":{"0":{"start":{"line":1,"column":28},"end":{"line":3,"column":1}}},"fnMap":{},"branchMap":{},"s":{"0":0},"f":{},"b":{}}
,"/Users/maggie/Documents/GitHub/M-F_Eagles_IT_Start_TASK_5/src/Redux/cart-products/action-types.ts": {"path":"/Users/maggie/Documents/GitHub/M-F_Eagles_IT_Start_TASK_5/src/Redux/cart-products/action-types.ts","statementMap":{"0":{"start":{"line":1,"column":31},"end":{"line":6,"column":1}}},"fnMap":{},"branchMap":{},"s":{"0":0},"f":{},"b":{}}
,"/Users/maggie/Documents/GitHub/M-F_Eagles_IT_Start_TASK_5/src/Redux/product-filter/action-types.ts": {"path":"/Users/maggie/Documents/GitHub/M-F_Eagles_IT_Start_TASK_5/src/Redux/product-filter/action-types.ts","statementMap":{"0":{"start":{"line":1,"column":30},"end":{"line":10,"column":1}}},"fnMap":{},"branchMap":{},"s":{"0":0},"f":{},"b":{}}
,"/Users/maggie/Documents/GitHub/M-F_Eagles_IT_Start_TASK_5/src/data/JSON.js": {"path":"/Users/maggie/Documents/GitHub/M-F_Eagles_IT_Start_TASK_5/src/data/JSON.js","statementMap":{"0":{"start":{"line":1,"column":14},"end":{"line":214,"column":1}},"1":{"start":{"line":228,"column":18},"end":{"line":228,"column":39}}},"fnMap":{},"branchMap":{},"s":{"0":0,"1":0},"f":{},"b":{}}
}
